TN:tetris_test
SF:/mnt/c/Users/maria/undone_projects/Tetris/src/brick_game/tetris/tetris_backend.c
FN:104,107,GenerateRandomNum
FN:109,118,InitMatrix
FN:120,126,SetMatrixToZero
FN:128,131,SetStatsToZero
FN:133,138,ResetParams
FN:140,148,UpdateCurrentFigure
FN:15,21,GetRecord
FN:150,165,InitInfoIfNeed
FN:167,178,InitFigureIfNeed
FN:180,186,CopyStaticMatrixToDynamic
FN:188,196,GenerateSmashboy
FN:198,206,GenerateHero
FN:208,216,GenerateRhodeIsland
FN:218,226,GenerateCleveland
FN:228,236,GenerateOrangeRicky
FN:23,73,userInput
FN:238,246,GenerateBlueRicky
FN:248,256,GenerateTeewee
FN:258,288,GenerateTetromino
FN:291,297,GenerateNewFigure
FN:299,305,EquateMatrices
FN:307,319,ClearFigureFromGameField
FN:322,334,AddFigureToField
FN:336,351,MoveDown
FN:353,359,MoveDownToTheEnd
FN:362,379,CheckCollision
FN:381,387,MoveRight
FN:389,395,MoveLeft
FN:398,410,IsFilledLine
FN:4,7,GetMainGameInfo
FN:412,422,ClearLines
FN:424,433,MoveLinesDown
FN:435,462,RotateFigure
FN:464,492,RotateHero
FN:495,523,RotateAnotherFigures
FN:525,539,SpawnFigure
FN:542,597,TetrisFsm
FN:599,604,GetTimeDiff
FN:606,640,CountStats
FN:643,650,FreeMatrix
FN:652,690,TerminateGame
FN:691,694,EndGame
FN:75,79,UserMoveDown
FN:81,91,PauseGame
FN:9,13,SetRecord
FN:93,95,InitRandom
FN:97,102,updateCurrentState
FNDA:212,GenerateRandomNum
FNDA:76,InitMatrix
FNDA:0,SetMatrixToZero
FNDA:0,SetStatsToZero
FNDA:0,ResetParams
FNDA:2,UpdateCurrentFigure
FNDA:16,GetRecord
FNDA:4,InitInfoIfNeed
FNDA:4,InitFigureIfNeed
FNDA:10,CopyStaticMatrixToDynamic
FNDA:5,GenerateSmashboy
FNDA:1,GenerateHero
FNDA:0,GenerateRhodeIsland
FNDA:0,GenerateCleveland
FNDA:1,GenerateOrangeRicky
FNDA:4,userInput
FNDA:0,GenerateBlueRicky
FNDA:3,GenerateTeewee
FNDA:3,GenerateTetromino
FNDA:1,GenerateNewFigure
FNDA:1,EquateMatrices
FNDA:13,ClearFigureFromGameField
FNDA:20,AddFigureToField
FNDA:5,MoveDown
FNDA:1,MoveDownToTheEnd
FNDA:20,CheckCollision
FNDA:2,MoveRight
FNDA:2,MoveLeft
FNDA:41,IsFilledLine
FNDA:16,GetMainGameInfo
FNDA:2,ClearLines
FNDA:2,MoveLinesDown
FNDA:5,RotateFigure
FNDA:1,RotateHero
FNDA:3,RotateAnotherFigures
FNDA:1,SpawnFigure
FNDA:4,TetrisFsm
FNDA:1,GetTimeDiff
FNDA:13,CountStats
FNDA:77,FreeMatrix
FNDA:7,TerminateGame
FNDA:4,EndGame
FNDA:1,UserMoveDown
FNDA:2,PauseGame
FNDA:0,SetRecord
FNDA:3,InitRandom
FNDA:1,updateCurrentState
FNF:47
FNH:40
DA:4,16
DA:6,16
DA:9,0
DA:10,0
DA:11,0
DA:12,0
DA:13,0
DA:15,16
DA:16,16
DA:17,16
DA:18,16
DA:19,16
DA:20,16
DA:23,4
DA:25,4
DA:26,4
DA:27,1
DA:28,1
DA:29,1
DA:30,0
DA:31,0
DA:33,1
DA:35,1
DA:36,1
DA:37,1
DA:39,1
DA:41,1
DA:42,1
DA:43,1
DA:45,1
DA:47,0
DA:48,0
DA:49,0
DA:51,0
DA:53,1
DA:54,1
DA:55,1
DA:56,1
DA:57,1
DA:59,1
DA:61,0
DA:62,0
DA:63,0
DA:65,0
DA:66,0
DA:67,0
DA:68,0
DA:70,0
DA:71,0
DA:73,4
DA:75,1
DA:76,1
DA:77,1
DA:79,1
DA:81,2
DA:82,2
DA:83,1
DA:84,1
DA:85,1
DA:88,2
DA:89,1
DA:91,2
DA:93,3
DA:94,3
DA:95,3
DA:97,1
DA:98,1
DA:99,1
DA:100,1
DA:101,1
DA:104,212
DA:105,212
DA:106,212
DA:109,76
DA:110,76
DA:111,858
DA:112,782
DA:113,7508
DA:114,6726
DA:117,76
DA:120,0
DA:121,0
DA:122,0
DA:123,0
DA:126,0
DA:128,0
DA:129,0
DA:130,0
DA:131,0
DA:133,0
DA:134,0
DA:135,0
DA:136,0
DA:137,0
DA:138,0
DA:140,2
DA:141,2
DA:142,0
DA:144,2
DA:146,2
DA:147,2
DA:148,2
DA:150,4
DA:151,4
DA:152,3
DA:153,3
DA:154,3
DA:155,3
DA:156,3
DA:157,3
DA:158,3
DA:159,3
DA:160,3
DA:161,3
DA:162,3
DA:163,3
DA:165,4
DA:167,4
DA:168,4
DA:169,4
DA:170,4
DA:171,4
DA:172,4
DA:173,4
DA:174,4
DA:175,4
DA:176,4
DA:178,4
DA:180,10
DA:181,50
DA:182,200
DA:183,160
DA:186,10
DA:188,5
DA:189,5
DA:195,5
DA:196,5
DA:198,1
DA:199,1
DA:205,1
DA:206,1
DA:208,0
DA:209,0
DA:215,0
DA:216,0
DA:218,0
DA:219,0
DA:225,0
DA:226,0
DA:228,1
DA:229,1
DA:235,1
DA:236,1
DA:238,0
DA:239,0
DA:245,0
DA:246,0
DA:248,3
DA:249,3
DA:255,3
DA:256,3
DA:258,3
DA:259,3
DA:260,1
DA:261,1
DA:262,1
DA:264,0
DA:265,0
DA:266,0
DA:268,0
DA:269,0
DA:270,0
DA:272,0
DA:273,0
DA:274,0
DA:276,1
DA:277,1
DA:278,1
DA:280,0
DA:281,0
DA:282,0
DA:284,1
DA:285,1
DA:286,1
DA:288,3
DA:291,1
DA:292,1
DA:293,1
DA:294,1
DA:295,1
DA:296,1
DA:297,1
DA:299,1
DA:300,5
DA:301,20
DA:302,16
DA:305,1
DA:307,13
DA:308,13
DA:309,65
DA:310,52
DA:311,260
DA:312,208
DA:313,40
DA:315,208
DA:317,52
DA:319,13
DA:322,20
DA:323,20
DA:324,100
DA:325,80
DA:326,400
DA:327,320
DA:328,53
DA:330,320
DA:332,80
DA:334,20
DA:336,5
DA:337,5
DA:338,5
DA:339,4
DA:340,4
DA:341,4
DA:342,2
DA:343,2
DA:344,2
DA:346,4
DA:347,2
DA:350,5
DA:353,1
DA:354,1
DA:355,3
DA:356,2
DA:358,1
DA:362,20
DA:363,20
DA:364,100
DA:365,400
DA:366,320
DA:367,273
DA:369,47
DA:370,47
DA:371,47
DA:372,6
DA:373,41
DA:374,2
DA:378,20
DA:381,2
DA:382,2
DA:383,2
DA:384,2
DA:386,2
DA:387,2
DA:389,2
DA:390,2
DA:391,2
DA:392,2
DA:394,2
DA:395,2
DA:398,41
DA:399,41
DA:400,41
DA:401,451
DA:402,410
DA:403,39
DA:405,410
DA:406,3
DA:409,41
DA:412,2
DA:413,2
DA:414,42
DA:415,40
DA:416,2
DA:417,2
DA:418,2
DA:421,2
DA:424,2
DA:425,40
DA:426,418
DA:427,380
DA:430,22
DA:431,20
DA:433,2
DA:435,5
DA:436,5
DA:437,5
DA:438,4
DA:440,5
DA:441,21
DA:442,68
DA:443,52
DA:446,5
DA:447,5
DA:449,1
DA:450,1
DA:452,1
DA:453,1
DA:454,1
DA:456,3
DA:457,3
DA:458,3
DA:461,5
DA:462,5
DA:464,1
DA:465,1
DA:472,1
DA:473,1
DA:474,1
DA:475,1
DA:476,5
DA:477,20
DA:478,16
DA:481,1
DA:482,0
DA:484,1
DA:486,1
DA:487,1
DA:488,1
DA:492,1
DA:495,3
DA:496,3
DA:503,3
DA:504,3
DA:505,3
DA:506,3
DA:507,12
DA:508,36
DA:509,27
DA:512,3
DA:513,0
DA:515,3
DA:517,3
DA:518,3
DA:519,3
DA:523,3
DA:525,1
DA:526,1
DA:527,1
DA:528,1
DA:529,1
DA:531,1
DA:532,1
DA:533,1
DA:534,0
DA:536,1
DA:539,1
DA:542,4
DA:543,4
DA:544,1
DA:545,1
DA:547,1
DA:548,1
DA:549,1
DA:550,1
DA:552,1
DA:553,1
DA:554,1
DA:555,1
DA:557,1
DA:559,1
DA:560,1
DA:561,1
DA:562,1
DA:563,0
DA:564,0
DA:565,0
DA:566,0
DA:569,1
DA:571,0
DA:572,0
DA:573,0
DA:575,0
DA:576,0
DA:577,0
DA:578,0
DA:580,0
DA:581,0
DA:583,0
DA:584,0
DA:586,0
DA:587,0
DA:588,0
DA:590,0
DA:591,0
DA:593,0
DA:594,0
DA:597,4
DA:599,1
DA:600,1
DA:601,1
DA:602,1
DA:603,1
DA:606,13
DA:607,13
DA:608,1
DA:609,1
DA:610,1
DA:612,1
DA:613,1
DA:614,1
DA:616,1
DA:617,1
DA:618,1
DA:620,10
DA:621,10
DA:622,10
DA:624,0
DA:625,0
DA:627,13
DA:628,7
DA:629,7
DA:630,1
DA:632,6
DA:636,13
DA:637,0
DA:638,0
DA:640,13
DA:643,77
DA:644,77
DA:645,858
DA:646,782
DA:648,76
DA:650,77
DA:652,7
DA:653,7
DA:655,7
DA:656,5
DA:657,5
DA:660,7
DA:661,6
DA:662,6
DA:663,6
DA:666,6
DA:667,6
DA:668,6
DA:671,6
DA:672,6
DA:675,7
DA:676,6
DA:677,6
DA:678,6
DA:681,6
DA:682,6
DA:683,6
DA:686,6
DA:687,6
DA:690,7
DA:691,4
DA:692,4
DA:693,4
DA:694,4
LF:451
LH:362
end_of_record
