TN:tetris_test
SF:/mnt/c/Users/maria/undone_projects/Tetris/src/backend.c
FN:102,105,GenerateRandomNum
FN:107,116,InitMatrix
FN:126,134,UpdateCurrentFigure
FN:136,151,InitInfoIfNeed
FN:15,21,GetRecord
FN:153,164,InitFigureIfNeed
FN:166,172,CopyStaticMatrixToDynamic
FN:174,182,GenerateSmashboy
FN:184,192,GenerateHero
FN:194,202,GenerateRhodeIsland
FN:204,212,GenerateCleveland
FN:214,222,GenerateOrangeRicky
FN:224,232,GenerateBlueRicky
FN:23,72,userInput
FN:234,242,GenerateTeewee
FN:244,274,GenerateTetromino
FN:277,283,GenerateNewFigure
FN:285,291,EquateMatrices
FN:293,305,ClearFigureFromGameField
FN:308,320,AddFigureToField
FN:322,337,MoveDown
FN:339,345,MoveDownToTheEnd
FN:348,365,CheckCollision
FN:367,373,MoveRight
FN:375,381,MoveLeft
FN:384,396,IsFilledLine
FN:398,408,ClearLines
FN:4,7,GetMainGameInfo
FN:410,419,MoveLinesDown
FN:421,448,RotateFigure
FN:450,478,RotateHero
FN:481,509,RotateAnotherFigures
FN:511,524,SpawnFigure
FN:527,579,TetrisFsm
FN:581,586,GetTimeDiff
FN:588,622,CountStats
FN:625,632,FreeMatrix
FN:634,649,TerminateGame
FN:651,654,EndGame
FN:74,78,UserMoveDown
FN:80,89,PauseGame
FN:9,13,SetRecord
FN:91,93,InitRandom
FN:95,100,updateCurrentState
FNDA:212,GenerateRandomNum
FNDA:73,InitMatrix
FNDA:2,UpdateCurrentFigure
FNDA:4,InitInfoIfNeed
FNDA:16,GetRecord
FNDA:4,InitFigureIfNeed
FNDA:9,CopyStaticMatrixToDynamic
FNDA:5,GenerateSmashboy
FNDA:1,GenerateHero
FNDA:0,GenerateRhodeIsland
FNDA:0,GenerateCleveland
FNDA:1,GenerateOrangeRicky
FNDA:0,GenerateBlueRicky
FNDA:5,userInput
FNDA:2,GenerateTeewee
FNDA:3,GenerateTetromino
FNDA:1,GenerateNewFigure
FNDA:1,EquateMatrices
FNDA:12,ClearFigureFromGameField
FNDA:19,AddFigureToField
FNDA:5,MoveDown
FNDA:1,MoveDownToTheEnd
FNDA:19,CheckCollision
FNDA:2,MoveRight
FNDA:2,MoveLeft
FNDA:41,IsFilledLine
FNDA:2,ClearLines
FNDA:16,GetMainGameInfo
FNDA:2,MoveLinesDown
FNDA:4,RotateFigure
FNDA:1,RotateHero
FNDA:2,RotateAnotherFigures
FNDA:1,SpawnFigure
FNDA:5,TetrisFsm
FNDA:0,GetTimeDiff
FNDA:13,CountStats
FNDA:70,FreeMatrix
FNDA:5,TerminateGame
FNDA:2,EndGame
FNDA:1,UserMoveDown
FNDA:2,PauseGame
FNDA:0,SetRecord
FNDA:3,InitRandom
FNDA:2,updateCurrentState
FNF:44
FNH:39
DA:4,16
DA:6,16
DA:9,0
DA:10,0
DA:11,0
DA:12,0
DA:13,0
DA:15,16
DA:16,16
DA:17,16
DA:18,16
DA:19,16
DA:20,16
DA:23,5
DA:25,5
DA:26,5
DA:27,1
DA:28,1
DA:29,1
DA:31,1
DA:33,1
DA:34,1
DA:35,1
DA:37,1
DA:39,1
DA:40,1
DA:41,1
DA:43,1
DA:45,0
DA:46,0
DA:47,0
DA:49,0
DA:51,1
DA:52,1
DA:53,1
DA:54,1
DA:55,1
DA:57,1
DA:59,0
DA:60,0
DA:61,0
DA:63,1
DA:64,1
DA:65,1
DA:66,1
DA:67,1
DA:69,0
DA:70,0
DA:72,5
DA:74,1
DA:75,1
DA:76,1
DA:78,1
DA:80,2
DA:81,2
DA:82,1
DA:83,1
DA:84,1
DA:86,2
DA:87,1
DA:89,2
DA:91,3
DA:92,3
DA:93,3
DA:95,2
DA:96,2
DA:97,2
DA:98,2
DA:99,2
DA:102,212
DA:103,212
DA:104,212
DA:107,73
DA:108,73
DA:109,827
DA:110,754
DA:111,7248
DA:112,6494
DA:115,73
DA:126,2
DA:127,2
DA:128,0
DA:130,2
DA:132,2
DA:133,2
DA:134,2
DA:136,4
DA:137,4
DA:138,3
DA:139,3
DA:140,3
DA:141,3
DA:142,3
DA:143,3
DA:144,3
DA:145,3
DA:146,3
DA:147,3
DA:148,3
DA:149,3
DA:151,4
DA:153,4
DA:154,4
DA:155,4
DA:156,4
DA:157,4
DA:158,4
DA:159,4
DA:160,4
DA:161,4
DA:162,4
DA:164,4
DA:166,9
DA:167,45
DA:168,180
DA:169,144
DA:172,9
DA:174,5
DA:175,5
DA:181,5
DA:182,5
DA:184,1
DA:185,1
DA:191,1
DA:192,1
DA:194,0
DA:195,0
DA:201,0
DA:202,0
DA:204,0
DA:205,0
DA:211,0
DA:212,0
DA:214,1
DA:215,1
DA:221,1
DA:222,1
DA:224,0
DA:225,0
DA:231,0
DA:232,0
DA:234,2
DA:235,2
DA:241,2
DA:242,2
DA:244,3
DA:245,3
DA:246,1
DA:247,1
DA:248,1
DA:250,0
DA:251,0
DA:252,0
DA:254,0
DA:255,0
DA:256,0
DA:258,0
DA:259,0
DA:260,0
DA:262,1
DA:263,1
DA:264,1
DA:266,0
DA:267,0
DA:268,0
DA:270,1
DA:271,1
DA:272,1
DA:274,3
DA:277,1
DA:278,1
DA:279,1
DA:280,1
DA:281,1
DA:282,1
DA:283,1
DA:285,1
DA:286,5
DA:287,20
DA:288,16
DA:291,1
DA:293,12
DA:294,12
DA:295,60
DA:296,48
DA:297,240
DA:298,192
DA:299,36
DA:301,192
DA:303,48
DA:305,12
DA:308,19
DA:309,19
DA:310,95
DA:311,76
DA:312,380
DA:313,304
DA:314,49
DA:316,304
DA:318,76
DA:320,19
DA:322,5
DA:323,5
DA:324,5
DA:325,4
DA:326,4
DA:327,4
DA:328,2
DA:329,2
DA:330,2
DA:332,4
DA:333,2
DA:336,5
DA:339,1
DA:340,1
DA:341,3
DA:342,2
DA:344,1
DA:348,19
DA:349,19
DA:350,95
DA:351,380
DA:352,304
DA:353,261
DA:355,43
DA:356,43
DA:357,43
DA:358,6
DA:359,37
DA:360,2
DA:364,19
DA:367,2
DA:368,2
DA:369,2
DA:370,2
DA:372,2
DA:373,2
DA:375,2
DA:376,2
DA:377,2
DA:378,2
DA:380,2
DA:381,2
DA:384,41
DA:385,41
DA:386,41
DA:387,451
DA:388,410
DA:389,39
DA:391,410
DA:392,3
DA:395,41
DA:398,2
DA:399,2
DA:400,42
DA:401,40
DA:402,2
DA:403,2
DA:404,2
DA:407,2
DA:410,2
DA:411,40
DA:412,418
DA:413,380
DA:416,22
DA:417,20
DA:419,2
DA:421,4
DA:422,4
DA:423,4
DA:424,3
DA:426,4
DA:427,17
DA:428,56
DA:429,43
DA:432,4
DA:433,4
DA:435,1
DA:436,1
DA:438,1
DA:439,1
DA:440,1
DA:442,2
DA:443,2
DA:444,2
DA:447,4
DA:448,4
DA:450,1
DA:451,1
DA:458,1
DA:459,1
DA:460,1
DA:461,1
DA:462,5
DA:463,20
DA:464,16
DA:467,1
DA:468,0
DA:470,1
DA:472,1
DA:473,1
DA:474,1
DA:478,1
DA:481,2
DA:482,2
DA:489,2
DA:490,2
DA:491,2
DA:492,2
DA:493,8
DA:494,24
DA:495,18
DA:498,2
DA:499,0
DA:501,2
DA:503,2
DA:504,2
DA:505,2
DA:509,2
DA:511,1
DA:512,1
DA:513,1
DA:514,1
DA:515,1
DA:517,1
DA:518,1
DA:519,1
DA:520,0
DA:522,1
DA:524,1
DA:527,5
DA:528,5
DA:529,3
DA:530,3
DA:532,1
DA:533,1
DA:534,1
DA:535,1
DA:537,1
DA:538,1
DA:539,1
DA:540,1
DA:542,1
DA:544,0
DA:545,0
DA:546,0
DA:547,0
DA:548,0
DA:549,0
DA:550,0
DA:551,0
DA:554,0
DA:556,0
DA:557,0
DA:559,0
DA:561,0
DA:562,0
DA:563,0
DA:564,0
DA:566,0
DA:567,0
DA:569,0
DA:570,0
DA:572,0
DA:573,0
DA:574,0
DA:576,0
DA:577,0
DA:579,5
DA:581,0
DA:582,0
DA:583,0
DA:584,0
DA:585,0
DA:588,13
DA:589,13
DA:590,1
DA:591,1
DA:592,1
DA:594,1
DA:595,1
DA:596,1
DA:598,1
DA:599,1
DA:600,1
DA:602,10
DA:603,10
DA:604,10
DA:606,0
DA:607,0
DA:609,13
DA:610,5
DA:611,5
DA:612,1
DA:614,4
DA:618,13
DA:619,0
DA:620,0
DA:622,13
DA:625,70
DA:626,70
DA:627,791
DA:628,722
DA:630,69
DA:632,70
DA:634,5
DA:635,5
DA:636,5
DA:637,5
DA:638,5
DA:639,5
DA:640,5
DA:641,5
DA:642,5
DA:643,5
DA:644,5
DA:645,5
DA:646,5
DA:647,5
DA:648,5
DA:649,5
DA:651,2
DA:652,2
DA:653,2
DA:654,2
LF:425
LH:349
end_of_record
